#
# A fatal error has been detected by the Java Runtime Environment:
#
#  EXCEPTION_ACCESS_VIOLATION (0xc0000005) at pc=0x00007ffe2d49caa2, pid=2560, tid=4588
#
# JRE version: 6.0_17-b04
# Java VM: Java HotSpot(TM) 64-Bit Server VM (14.3-b01 mixed mode windows-amd64 )
# Problematic frame:
# C  [ntdll.dll+0x9caa2]
#
# If you would like to submit a bug report, please visit:
#   http://java.sun.com/webapps/bugreport/crash.jsp
#

---------------  T H R E A D  ---------------

Current thread (0x00000000049c4000):  JavaThread "main" [_thread_in_Java, id=4588, stack(0x0000000000c70000,0x0000000002170000)]

siginfo: ExceptionCode=0xc0000005, reading address 0xffffffffffffffff

Registers:
EAX=0x000000000215f001, EBX=0x0000000000000002, ECX=0x000000000216bf28, EDX=0x000000000216be38
ESP=0x000000000216bdc8, EBP=0x00007ffe1db68770, ESI=0x0000000000000023, EDI=0x0000000000000003
EIP=0x00007ffe2d49caa2, EFLAGS=0x0000000000010202

Top of Stack: (sp=0x000000000216bdc8)
0x000000000216bdc8:   0000000000000202 00007ffe2d449ad7
0x000000000216bdd8:   0000000005eed480 00000000049c4bd8
0x000000000216bde8:   0000000078c53365 0000000000000001
0x000000000216bdf8:   00000000049c4000 0000000005eec830
0x000000000216be08:   0000000000000006 0000000005eed4e0
0x000000000216be18:   0000000078cfdaaf 0000000000000050
0x000000000216be28:   0000000000000000 0000000000000001
0x000000000216be38:   0000000002170000 00000000023c0000
0x000000000216be48:   000000000215f000 0000000000000510
0x000000000216be58:   0000000000000000 0000000000000003
0x000000000216be68:   0000000035ea4120 00000000023c0000
0x000000000216be78:   0000000000000540 0000000000000023
0x000000000216be88:   00007ffe1d996eae 0000000000000063
0x000000000216be98:   0000000000000003 0000000000000008
0x000000000216bea8:   00007ffe2cab1d36 00007ffe1db68770
0x000000000216beb8:   000000000216c708 0000000000000063 

Instructions: (pc=0x00007ffe2d49caa2)
0x00007ffe2d49ca92:   d9 b9 00 01 00 00 c7 81 02 01 00 00 00 00 00 00
0x00007ffe2d49caa2:   0f 29 b1 00 02 00 00 0f 29 b9 10 02 00 00 44 0f 


Stack: [0x0000000000c70000,0x0000000002170000],  sp=0x000000000216bdc8,  free space=21487k
Native frames: (J=compiled Java code, j=interpreted, Vv=VM code, C=native code)
C  [ntdll.dll+0x9caa2]

Java frames: (J=compiled Java code, j=interpreted, Vv=VM code)
v  blob 0x0000000014187039
j  java.util.jar.JarFile.getJarEntry(Ljava/lang/String;)Ljava/util/jar/JarEntry;+5
j  sun.misc.URLClassPath$JarLoader.getResource(Ljava/lang/String;Z)Lsun/misc/Resource;+48
j  sun.misc.URLClassPath.getResource(Ljava/lang/String;Z)Lsun/misc/Resource;+53
j  java.net.URLClassLoader$1.run()Ljava/lang/Object;+26
v  ~StubRoutines::call_stub
j  java.security.AccessController.doPrivileged(Ljava/security/PrivilegedExceptionAction;Ljava/security/AccessControlContext;)Ljava/lang/Object;+0
j  java.net.URLClassLoader.findClass(Ljava/lang/String;)Ljava/lang/Class;+13
j  java.lang.ClassLoader.loadClass(Ljava/lang/String;Z)Ljava/lang/Class;+43
j  sun.misc.Launcher$AppClassLoader.loadClass(Ljava/lang/String;Z)Ljava/lang/Class;+41
j  java.lang.ClassLoader.loadClass(Ljava/lang/String;)Ljava/lang/Class;+3
j  java.lang.ClassLoader.loadClassInternal(Ljava/lang/String;)Ljava/lang/Class;+2
v  ~StubRoutines::call_stub
j  com.mathworks.mwswing.MJStartup.init()V+103
j  com.mathworks.mwswing.MJStartup.<clinit>()V+17
v  ~StubRoutines::call_stub
j  java.lang.Class.forName0(Ljava/lang/String;ZLjava/lang/ClassLoader;)Ljava/lang/Class;+0
j  java.lang.Class.forName(Ljava/lang/String;)Ljava/lang/Class;+5
j  com.mathworks.util.PostVMInit$StartupClass.init(ZZ)V+28
j  com.mathworks.util.PostVMInit.perform(ZZ)V+26
v  ~StubRoutines::call_stub

---------------  P R O C E S S  ---------------

Java Threads: ( => current thread )
  0x0000000035ee4000 JavaThread "com.google.common.base.internal.Finalizer" daemon [_thread_blocked, id=8908, stack(0x000000000ff40000,0x000000000ffc0000)]
  0x0000000035e3a000 JavaThread "Image Fetcher 0" daemon [_thread_blocked, id=8644, stack(0x000000000fec0000,0x000000000ff40000)]
  0x000000000fdb5000 JavaThread "AWT-Windows" daemon [_thread_in_native, id=6872, stack(0x000000000fe40000,0x000000000fec0000)]
  0x000000000fdb4000 JavaThread "AWT-Shutdown" [_thread_blocked, id=6672, stack(0x00000000062a0000,0x0000000006320000)]
  0x000000000fdb3800 JavaThread "Java2D Disposer" daemon [_thread_blocked, id=484, stack(0x0000000006220000,0x00000000062a0000)]
  0x0000000006013000 JavaThread "Timer-0" [_thread_blocked, id=8592, stack(0x00000000061a0000,0x0000000006220000)]
  0x0000000005fb6800 JavaThread "JMI Unnamed Thread" [_thread_in_native, id=4380, stack(0x0000000007840000,0x0000000008d40000)]
  0x0000000005b16800 JavaThread "Low Memory Detector" daemon [_thread_blocked, id=1708, stack(0x0000000005d20000,0x0000000005da0000)]
  0x0000000005b0d000 JavaThread "CompilerThread1" daemon [_thread_blocked, id=7884, stack(0x0000000033350000,0x0000000034850000)]
  0x0000000005aff000 JavaThread "CompilerThread0" daemon [_thread_blocked, id=8268, stack(0x0000000031e50000,0x0000000033350000)]
  0x0000000005afe000 JavaThread "Attach Listener" daemon [_thread_blocked, id=7284, stack(0x0000000005ca0000,0x0000000005d20000)]
  0x0000000004aac800 JavaThread "Finalizer" daemon [_thread_blocked, id=8732, stack(0x0000000005c20000,0x0000000005ca0000)]
  0x0000000004aa4800 JavaThread "Reference Handler" daemon [_thread_blocked, id=1336, stack(0x0000000005ba0000,0x0000000005c20000)]
=>0x00000000049c4000 JavaThread "main" [_thread_in_Java, id=4588, stack(0x0000000000c70000,0x0000000002170000)]

Other Threads:
  0x0000000005a43800 VMThread [stack: 0x0000000030950000,0x0000000031e50000] [id=6924]
  0x0000000005b42000 WatcherThread [stack: 0x0000000034850000,0x0000000035d50000] [id=2312]

VM state:not at safepoint (normal execution)

VM Mutex/Monitor currently owned by a thread: None

Heap
 PSYoungGen      total 14336K, used 7808K [0x0000000028450000, 0x0000000029450000, 0x000000002b550000)
  eden space 12288K, 63% used [0x0000000028450000,0x0000000028bf01b8,0x0000000029050000)
  from space 2048K, 0% used [0x0000000029250000,0x0000000029250000,0x0000000029450000)
  to   space 2048K, 0% used [0x0000000029050000,0x0000000029050000,0x0000000029250000)
 PSOldGen        total 49152K, used 0K [0x000000001f150000, 0x0000000022150000, 0x0000000028450000)
  object space 49152K, 0% used [0x000000001f150000,0x000000001f150000,0x0000000022150000)
 PSPermGen       total 32768K, used 7779K [0x0000000017150000, 0x0000000019150000, 0x000000001f150000)
  object space 32768K, 23% used [0x0000000017150000,0x00000000178e8ed0,0x0000000019150000)

Dynamic libraries:
0x00007ff671800000 - 0x00007ff671829000 	C:\Program Files\MATLAB\R2011a\bin\win64\MATLAB.exe
0x00007ffe2d400000 - 0x00007ffe2d5aa000 	C:\WINDOWS\SYSTEM32\ntdll.dll
0x00007ffe2b1e0000 - 0x00007ffe2b31a000 	C:\WINDOWS\system32\KERNEL32.DLL
0x00007ffe2a890000 - 0x00007ffe2a99f000 	C:\WINDOWS\system32\KERNELBASE.dll
0x00007ffe293a0000 - 0x00007ffe29428000 	C:\WINDOWS\system32\apphelp.dll
0x00007ffe1d990000 - 0x00007ffe1de0f000 	C:\WINDOWS\AppPatch\AppPatch64\AcLayers.DLL
0x00007ffe2cab0000 - 0x00007ffe2cb57000 	C:\WINDOWS\system32\msvcrt.dll
0x00007ffe2c7f0000 - 0x00007ffe2c961000 	C:\WINDOWS\system32\USER32.dll
0x00007ffe2cb80000 - 0x00007ffe2cbd1000 	C:\WINDOWS\system32\SHLWAPI.dll
0x00007ffe28220000 - 0x00007ffe28223000 	C:\WINDOWS\SYSTEM32\sfc.dll
0x00007ffe213b0000 - 0x00007ffe2142b000 	C:\WINDOWS\SYSTEM32\WINSPOOL.DRV
0x00007ffe2cd70000 - 0x00007ffe2ceb4000 	C:\WINDOWS\system32\GDI32.dll
0x00007ffe2d1c0000 - 0x00007ffe2d396000 	C:\WINDOWS\SYSTEM32\combase.dll
0x00007ffe2c970000 - 0x00007ffe2caa6000 	C:\WINDOWS\system32\RPCRT4.dll
0x00007ffe23030000 - 0x00007ffe23040000 	C:\WINDOWS\SYSTEM32\sfc_os.DLL
0x00007ffe2ac80000 - 0x00007ffe2acb4000 	C:\WINDOWS\system32\IMM32.DLL
0x00007ffe2acc0000 - 0x00007ffe2adf9000 	C:\WINDOWS\system32\MSCTF.dll
0x00000000641c0000 - 0x0000000064247000 	C:\WINDOWS\System32\SYSFER.DLL
0x0000000074460000 - 0x0000000074569000 	C:\Program Files\MATLAB\R2011a\bin\win64\libut.dll
0x0000000073f70000 - 0x000000007407d000 	C:\Program Files\MATLAB\R2011a\bin\win64\libmwfl.dll
0x000000007bed0000 - 0x000000007c0f5000 	C:\Program Files\MATLAB\R2011a\bin\win64\libmwservices.dll
0x0000000074970000 - 0x0000000074a34000 	C:\Program Files\MATLAB\R2011a\bin\win64\mcr.dll
0x00000000640e0000 - 0x00000000641b3000 	C:\WINDOWS\WinSxS\amd64_microsoft.vc90.crt_1fc8b3b9a1e18e3b_9.0.30729.8387_none_08e793bfa83a89b5\MSVCP90.dll
0x0000000064030000 - 0x00000000640d3000 	C:\WINDOWS\WinSxS\amd64_microsoft.vc90.crt_1fc8b3b9a1e18e3b_9.0.30729.8387_none_08e793bfa83a89b5\MSVCR90.dll
0x00000000758a0000 - 0x0000000075920000 	C:\Program Files\MATLAB\R2011a\bin\win64\libmwi18n.dll
0x000000007a3b0000 - 0x000000007a3c0000 	C:\Program Files\MATLAB\R2011a\bin\win64\boost_date_time-vc90-mt-1_40.dll
0x000000007a560000 - 0x000000007a569000 	C:\Program Files\MATLAB\R2011a\bin\win64\boost_system-vc90-mt-1_40.dll
0x000000007a2d0000 - 0x000000007a2e2000 	C:\Program Files\MATLAB\R2011a\bin\win64\boost_thread-vc90-mt-1_40.dll
0x00000000740b0000 - 0x0000000074223000 	C:\Program Files\MATLAB\R2011a\bin\win64\icuuc42.dll
0x000000007a3d0000 - 0x000000007a3e3000 	C:\Program Files\MATLAB\R2011a\bin\win64\icuio42.dll
0x0000000180000000 - 0x0000000180046000 	C:\Program Files\MATLAB\R2011a\bin\win64\tbb.dll
0x00007ffe2cb70000 - 0x00007ffe2cb77000 	C:\WINDOWS\system32\PSAPI.DLL
0x00007ffe13930000 - 0x00007ffe13ab8000 	C:\WINDOWS\SYSTEM32\dbghelp.dll
0x00007ffe2c740000 - 0x00007ffe2c7e5000 	C:\WINDOWS\system32\ADVAPI32.dll
0x0000000003b10000 - 0x0000000003b1b000 	C:\Program Files\MATLAB\R2011a\bin\win64\libmwresource_core.dll
0x0000000003b20000 - 0x0000000003bb3000 	C:\Program Files\MATLAB\R2011a\bin\win64\libmwMATLAB_res.dll
0x000000007a170000 - 0x000000007a189000 	C:\Program Files\MATLAB\R2011a\bin\win64\boost_filesystem-vc90-mt-1_40.dll
0x000000007a250000 - 0x000000007a263000 	C:\Program Files\MATLAB\R2011a\bin\win64\boost_signals-vc90-mt-1_40.dll
0x00007ffe2d1a0000 - 0x00007ffe2d1b5000 	C:\WINDOWS\system32\imagehlp.dll
0x0000000075a20000 - 0x0000000075ab2000 	C:\Program Files\MATLAB\R2011a\bin\win64\libmx.dll
0x0000000074330000 - 0x000000007444b000 	C:\Program Files\MATLAB\R2011a\bin\win64\libmwmathutil.dll
0x0000000060a90000 - 0x0000000060ae4000 	C:\Program Files\MATLAB\R2011a\bin\win64\mpath.dll
0x000000007b680000 - 0x000000007b982000 	C:\Program Files\MATLAB\R2011a\bin\win64\mlutil.dll
0x00007ffe2a9f0000 - 0x00007ffe2aa91000 	C:\WINDOWS\WinSxS\amd64_microsoft.windows.common-controls_6595b64144ccf1df_5.82.9600.16384_none_34a8918f959016ea\COMCTL32.dll
0x00007ffe2cec0000 - 0x00007ffe2cf5a000 	C:\WINDOWS\system32\COMDLG32.dll
0x00007ffe25ee0000 - 0x00007ffe25ef5000 	C:\WINDOWS\SYSTEM32\NETAPI32.dll
0x00007ffe2b180000 - 0x00007ffe2b1d8000 	C:\WINDOWS\system32\WS2_32.dll
0x00007ffe2b320000 - 0x00007ffe2c740000 	C:\WINDOWS\system32\SHELL32.dll
0x00007ffe2cbe0000 - 0x00007ffe2cd58000 	C:\WINDOWS\system32\ole32.dll
0x00007ffe2d080000 - 0x00007ffe2d137000 	C:\WINDOWS\system32\OLEAUT32.dll
0x0000000075000000 - 0x00000000750e4000 	C:\Program Files\MATLAB\R2011a\bin\win64\iqm.dll
0x0000000079fb0000 - 0x0000000079fde000 	C:\Program Files\MATLAB\R2011a\bin\win64\libmwbridge.dll
0x0000000062b20000 - 0x0000000062b2f000 	C:\Program Files\MATLAB\R2011a\bin\win64\libmex.dll
0x00000000609e0000 - 0x0000000060a84000 	C:\Program Files\MATLAB\R2011a\bin\win64\m_dispatcher.dll
0x0000000060790000 - 0x00000000609db000 	C:\Program Files\MATLAB\R2011a\bin\win64\mcos.dll
0x0000000060640000 - 0x0000000060781000 	C:\Program Files\MATLAB\R2011a\bin\win64\libmwgui.dll
0x000000005fdc0000 - 0x0000000060640000 	C:\Program Files\MATLAB\R2011a\bin\win64\hg.dll
0x000000005fd00000 - 0x000000005fdbc000 	C:\Program Files\MATLAB\R2011a\bin\win64\hgutils.dll
0x000000005f560000 - 0x000000005fcfc000 	C:\Program Files\MATLAB\R2011a\bin\win64\m_interpreter.dll
0x000000005f4e0000 - 0x000000005f55b000 	C:\Program Files\MATLAB\R2011a\bin\win64\jmi.dll
0x000000005f430000 - 0x000000005f4d9000 	C:\Program Files\MATLAB\R2011a\bin\win64\udd_mi.dll
0x0000000003be0000 - 0x0000000003ea4000 	C:\Program Files\MATLAB\R2011a\bin\win64\uiw.dll
0x000000005f410000 - 0x000000005f42b000 	C:\Program Files\MATLAB\R2011a\bin\win64\mwoles05.DLL
0x000000005f3a0000 - 0x000000005f40e000 	C:\Program Files\MATLAB\R2011a\bin\win64\comcli.dll
0x0000000062b10000 - 0x0000000062b1c000 	C:\Program Files\MATLAB\R2011a\bin\win64\mlautoregister.dll
0x0000000003eb0000 - 0x0000000003ebd000 	C:\Program Files\MATLAB\R2011a\bin\win64\boost_iostreams-vc90-mt-1_40.dll
0x000000007a010000 - 0x000000007a035000 	C:\Program Files\MATLAB\R2011a\bin\win64\LIBEXPAT.dll
0x00000000739d0000 - 0x0000000073b8c000 	C:\Program Files\MATLAB\R2011a\bin\win64\icuin42.dll
0x0000000010000000 - 0x0000000010f47000 	C:\Program Files\MATLAB\R2011a\bin\win64\icudt42.dll
0x00007ffe2d3a0000 - 0x00007ffe2d3f7000 	C:\WINDOWS\SYSTEM32\sechost.dll
0x000000007a210000 - 0x000000007a226000 	C:\Program Files\MATLAB\R2011a\bin\win64\zlib1.dll
0x000000005f310000 - 0x000000005f392000 	C:\Program Files\MATLAB\R2011a\bin\win64\xmlcore.dll
0x000000007bc30000 - 0x000000007be83000 	C:\Program Files\MATLAB\R2011a\bin\win64\xerces-c_2_7.dll
0x00007ffe29a20000 - 0x00007ffe29a2c000 	C:\WINDOWS\SYSTEM32\netutils.dll
0x00007ffe2a4e0000 - 0x00007ffe2a505000 	C:\WINDOWS\SYSTEM32\srvcli.dll
0x00007ffe25ea0000 - 0x00007ffe25eb6000 	C:\WINDOWS\SYSTEM32\wkscli.dll
0x00007ffe2cb60000 - 0x00007ffe2cb69000 	C:\WINDOWS\system32\NSI.dll
0x000000005f250000 - 0x000000005f309000 	C:\Program Files\MATLAB\R2011a\bin\win64\udd.dll
0x0000000074880000 - 0x0000000074945000 	C:\Program Files\MATLAB\R2011a\bin\win64\boost_regex-vc90-mt-1_40.dll
0x000000005f230000 - 0x000000005f247000 	C:\Program Files\MATLAB\R2011a\bin\win64\graphics_util.dll
0x0000000076100000 - 0x000000007614f000 	C:\Program Files\MATLAB\R2011a\bin\win64\libmat.dll
0x000000005f1f0000 - 0x000000005f22c000 	C:\Program Files\MATLAB\R2011a\bin\win64\libmwhardcopy.dll
0x000000005f190000 - 0x000000005f1e8000 	C:\Program Files\MATLAB\R2011a\bin\win64\libuij.dll
0x000000005efa0000 - 0x000000005f183000 	C:\Program Files\MATLAB\R2011a\bin\win64\hgdatatypes.dll
0x000000005ef20000 - 0x000000005ef9c000 	C:\Program Files\MATLAB\R2011a\bin\win64\libmwlapack.dll
0x000000005ea30000 - 0x000000005ef14000 	C:\WINDOWS\WinSxS\amd64_microsoft.vc90.mfc_1fc8b3b9a1e18e3b_9.0.30729.6161_none_044aad0bab1eb146\mfc90.dll
0x000000005e9b0000 - 0x000000005ea2f000 	C:\Program Files\MATLAB\R2011a\bin\win64\profiler.dll
0x0000000079f40000 - 0x0000000079f6c000 	C:\Program Files\MATLAB\R2011a\bin\win64\libmwmathrng.dll
0x000000005e990000 - 0x000000005e9b0000 	C:\Program Files\MATLAB\R2011a\bin\win64\m_pcodeio.dll
0x0000000079b10000 - 0x0000000079b71000 	C:\Program Files\MATLAB\R2011a\bin\win64\m_ir.dll
0x000000005e350000 - 0x000000005e98b000 	C:\Program Files\MATLAB\R2011a\bin\win64\m_parser.dll
0x000000005e320000 - 0x000000005e34b000 	C:\Program Files\MATLAB\R2011a\bin\win64\m_pcodegen.dll
0x0000000076160000 - 0x00000000761c2000 	C:\Program Files\MATLAB\R2011a\bin\win64\libmwspmatrix.dll
0x0000000004050000 - 0x000000000405e000 	C:\Program Files\MATLAB\R2011a\bin\win64\nativejava_services.dll
0x0000000061ed0000 - 0x0000000061eda000 	C:\Program Files\MATLAB\R2011a\bin\win64\uinone.dll
0x000000005e2f0000 - 0x000000005e31f000 	C:\WINDOWS\WinSxS\amd64_microsoft.vc90.atl_1fc8b3b9a1e18e3b_9.0.30729.6161_none_0a1fd3a3a768b895\ATL90.DLL
0x00007ffe28e30000 - 0x00007ffe28ecf000 	C:\WINDOWS\SYSTEM32\SHCORE.DLL
0x0000000072d30000 - 0x0000000072f33000 	C:\Program Files\MATLAB\R2011a\bin\win64\libhdf5.dll
0x000000005e2d0000 - 0x000000005e2e2000 	C:\Program Files\MATLAB\R2011a\bin\win64\libmwbinder.dll
0x0000000061ce0000 - 0x0000000061ceb000 	C:\Program Files\MATLAB\R2011a\bin\win64\libmwompwrapper.dll
0x00007ffe256a0000 - 0x00007ffe256a7000 	C:\WINDOWS\SYSTEM32\MSIMG32.dll
0x000000005e2b0000 - 0x000000005e2c9000 	C:\Program Files\MATLAB\R2011a\bin\win64\ir_xfmr.dll
0x000000005e2a0000 - 0x000000005e2ac000 	C:\Program Files\MATLAB\R2011a\bin\win64\mtok.dll
0x00007ffe294c0000 - 0x00007ffe295e1000 	C:\WINDOWS\system32\UxTheme.dll
0x00007ffe28c60000 - 0x00007ffe28c80000 	C:\WINDOWS\system32\dwmapi.dll
0x000000005e290000 - 0x000000005e29d000 	C:\WINDOWS\WinSxS\amd64_microsoft.vc90.mfcloc_1fc8b3b9a1e18e3b_9.0.30729.6161_none_01c9581e60cbee58\MFC90ENU.DLL
0x0000000004940000 - 0x0000000004969000 	C:\Program Files\MATLAB\R2011a\bin\win64\tbbmalloc.dll
0x00007ffe2a770000 - 0x00007ffe2a784000 	C:\WINDOWS\SYSTEM32\profapi.dll
0x00007ffe25650000 - 0x00007ffe25679000 	C:\WINDOWS\SYSTEM32\iphlpapi.dll
0x00007ffe255d0000 - 0x00007ffe255da000 	C:\WINDOWS\SYSTEM32\WINNSI.DLL
0x00007ffe29de0000 - 0x00007ffe29e83000 	C:\WINDOWS\SYSTEM32\DNSAPI.dll
0x00007ffe246c0000 - 0x00007ffe246d4000 	C:\WINDOWS\SYSTEM32\dhcpcsvc6.DLL
0x00007ffe25360000 - 0x00007ffe25379000 	C:\WINDOWS\SYSTEM32\dhcpcsvc.DLL
0x00007ffe24bc0000 - 0x00007ffe24bc3000 	C:\WINDOWS\SYSTEM32\icmp.Dll
0x00007ffe295f0000 - 0x00007ffe295fa000 	C:\WINDOWS\SYSTEM32\kernel.appcore.dll
0x00007ffe2a640000 - 0x00007ffe2a64a000 	C:\WINDOWS\SYSTEM32\CRYPTBASE.dll
0x00007ffe2a5e0000 - 0x00007ffe2a640000 	C:\WINDOWS\SYSTEM32\bcryptPrimitives.dll
0x00007ffe2a9a0000 - 0x00007ffe2a9ea000 	C:\WINDOWS\system32\cfgmgr32.dll
0x0000000078870000 - 0x0000000078ecd000 	C:\Program Files\MATLAB\R2011a\sys\java\jre\win64\jre\bin\server\jvm.dll
0x00007ffe23240000 - 0x00007ffe2325f000 	C:\WINDOWS\SYSTEM32\WINMM.dll
0x00007ffe23210000 - 0x00007ffe2323a000 	C:\WINDOWS\SYSTEM32\WINMMBASE.dll
0x00007ffe29600000 - 0x00007ffe29626000 	C:\WINDOWS\SYSTEM32\DEVOBJ.dll
0x000000007a440000 - 0x000000007a44e000 	C:\Program Files\MATLAB\R2011a\sys\java\jre\win64\jre\bin\verify.dll
0x000000007a070000 - 0x000000007a097000 	C:\Program Files\MATLAB\R2011a\sys\java\jre\win64\jre\bin\java.dll
0x000000007a540000 - 0x000000007a54a000 	C:\Program Files\MATLAB\R2011a\sys\java\jre\win64\jre\bin\hpi.dll
0x000000007a370000 - 0x000000007a382000 	C:\Program Files\MATLAB\R2011a\sys\java\jre\win64\jre\bin\zip.dll
0x0000000075b90000 - 0x0000000075bfb000 	C:\Program Files\MATLAB\R2011a\sys\java\jre\win64\jre\bin\fontmanager.dll
0x0000000073150000 - 0x0000000073311000 	C:\Program Files\MATLAB\R2011a\sys\java\jre\win64\jre\bin\awt.dll

VM Arguments:
jvm_args: -Xss512k -XX:PermSize=32m -Xms64m -XX:NewRatio=3 -XX:MaxPermSize=128m -Xmx196m -XX:MaxDirectMemorySize=2147400000 -Dsun.java2d.noddraw=true -Dsun.awt.nopixfmt=true -Xshare:off -Xrs -Dsun.awt.disableMixing=true -Djava.library.path=C:\Program Files\MATLAB\R2011a\bin\win64 vfprintf abort 
java_command: <unknown>
Launcher Type: generic

Environment Variables:
CLASSPATH=.;C:\Program Files (x86)\Java\jre7\lib\ext\QTJava.zip
PATH=C:\WinAVR-20100110\bin;C:\WinAVR-20100110\utils\bin;C:\windows\system32;C:\windows;C:\windows\System32\Wbem;C:\windows\System32\WindowsPowerShell\v1.0\;C:\Program Files\MiKTeX 2.9\miktex\bin\x64\;C:\Program Files\MATLAB\R2011a\runtime\win64;C:\Program Files\MATLAB\R2011a\bin;C:\Program Files\Microsoft SQL Server\110\Tools\Binn\;C:\Program Files (x86)\QuickTime\QTSystem\;C:\Program Files\MATLAB\MATLAB Compiler Runtime\v715\runtime\win64;c:\Program Files (x86)\Microsoft SQL Server\100\Tools\Binn\;c:\Program Files\Microsoft SQL Server\100\Tools\Binn\;c:\Program Files\Microsoft SQL Server\100\DTS\Binn\;C:\Program Files (x86)\Windows Kits\8.0\Windows Performance Toolkit\;C:\cygwin\bin;C:\Program Files (x86)\Windows Live\Shared;C:\WINDOWS\system32;C:\WINDOWS;C:\WINDOWS\System32\Wbem;C:\WINDOWS\System32\WindowsPowerShell\v1.0\;C:\Program Files (x86)\Windows Kits\8.1\Windows Performance Toolkit\;C:\Python27\Scripts;C:\Python27;C:\Program Files\IVI Foundation\VISA\Win64\Bin\;C:\Program Files (x86)\IVI Foundation\VISA\WinNT\Bin\;C:\Program Files (x86)\IVI Foundation\VISA\WinNT\TekVISA\BIN;C:\Users\Nagnanamus\Anaconda;C:\Users\Nagnanamus\Anaconda\Scripts;;C:\SysGCC\arm-eabi\bin;C:\Python27;C:\Python27\Scripts;C:\Users\Nagnanamus\AppData\Local\Enthought\Canopy\User;C:\Users\Nagnanamus\AppData\Local\Enthought\Canopy\User\Scripts
USERNAME=Nagnanamus
OS=Windows_NT
PROCESSOR_IDENTIFIER=Intel64 Family 6 Model 58 Stepping 9, GenuineIntel



---------------  S Y S T E M  ---------------

OS: Windows NT 6.2 Build 9200 

CPU:total 4 (8 cores per cpu, 2 threads per core) family 6 model 58 stepping 9, cmov, cx8, fxsr, mmx, sse, sse2, sse3, ssse3, sse4.1, sse4.2, ht

Memory: 4k page, physical 8254744k(4831400k free), swap 10351896k(6107880k free)

vm_info: Java HotSpot(TM) 64-Bit Server VM (14.3-b01) for windows-amd64 JRE (1.6.0_17-b04), built on Oct 11 2009 00:46:08 by "java_re" with MS VC++ 8.0

time: Tue Jul 01 17:17:49 2014
elapsed time: 1 seconds

